<?xml version="1.0" encoding="UTF-8"?>
<!-- Generated by org.testng.reporters.JUnitReportReporter -->
<testsuite skipped="0" hostname="Sravan-PC" name="scripts.FlightSearch" tests="2" failures="0" timestamp="18 Jun 2019 07:16:21 GMT" time="15.655" errors="0">
  <testcase name="search_Oneway" time="10.537" classname="scripts.FlightSearch"/>
  <testcase name="choose_Language" time="5.118" classname="scripts.FlightSearch"/>
</testsuite> <!-- scripts.FlightSearch -->
